Determining if the pthread_create exist failed with the following output:
Change Dir: /home/jean/ros_ws/build/CMakeFiles/CMakeTmp

Run Build Command:/usr/bin/make "cmTryCompileExec149801381/fast"
/usr/bin/make -f CMakeFiles/cmTryCompileExec149801381.dir/build.make CMakeFiles/cmTryCompileExec149801381.dir/build
make[1]: Entering directory `/home/jean/ros_ws/build/CMakeFiles/CMakeTmp'
/usr/bin/cmake -E cmake_progress_report /home/jean/ros_ws/build/CMakeFiles/CMakeTmp/CMakeFiles 1
Building C object CMakeFiles/cmTryCompileExec149801381.dir/CheckSymbolExists.c.o
/usr/bin/cc    -o CMakeFiles/cmTryCompileExec149801381.dir/CheckSymbolExists.c.o   -c /home/jean/ros_ws/build/CMakeFiles/CMakeTmp/CheckSymbolExists.c
Linking C executable cmTryCompileExec149801381
/usr/bin/cmake -E cmake_link_script CMakeFiles/cmTryCompileExec149801381.dir/link.txt --verbose=1
/usr/bin/cc       CMakeFiles/cmTryCompileExec149801381.dir/CheckSymbolExists.c.o  -o cmTryCompileExec149801381 -rdynamic 
CMakeFiles/cmTryCompileExec149801381.dir/CheckSymbolExists.c.o: In function `main':
CheckSymbolExists.c:(.text+0x16): undefined reference to `pthread_create'
collect2: error: ld returned 1 exit status
make[1]: Leaving directory `/home/jean/ros_ws/build/CMakeFiles/CMakeTmp'
make[1]: *** [cmTryCompileExec149801381] Error 1
make: *** [cmTryCompileExec149801381/fast] Error 2

File /home/jean/ros_ws/build/CMakeFiles/CMakeTmp/CheckSymbolExists.c:
/* */
#include <pthread.h>

int main(int argc, char** argv)
{
  (void)argv;
#ifndef pthread_create
  return ((int*)(&pthread_create))[argc];
#else
  (void)argc;
  return 0;
#endif
}

Determining if the function pthread_create exists in the pthreads failed with the following output:
Change Dir: /home/jean/ros_ws/build/CMakeFiles/CMakeTmp

Run Build Command:/usr/bin/make "cmTryCompileExec2586547278/fast"
/usr/bin/make -f CMakeFiles/cmTryCompileExec2586547278.dir/build.make CMakeFiles/cmTryCompileExec2586547278.dir/build
make[1]: Entering directory `/home/jean/ros_ws/build/CMakeFiles/CMakeTmp'
/usr/bin/cmake -E cmake_progress_report /home/jean/ros_ws/build/CMakeFiles/CMakeTmp/CMakeFiles 1
Building C object CMakeFiles/cmTryCompileExec2586547278.dir/CheckFunctionExists.c.o
/usr/bin/cc   -DCHECK_FUNCTION_EXISTS=pthread_create   -o CMakeFiles/cmTryCompileExec2586547278.dir/CheckFunctionExists.c.o   -c /usr/share/cmake-2.8/Modules/CheckFunctionExists.c
Linking C executable cmTryCompileExec2586547278
/usr/bin/cmake -E cmake_link_script CMakeFiles/cmTryCompileExec2586547278.dir/link.txt --verbose=1
/usr/bin/cc   -DCHECK_FUNCTION_EXISTS=pthread_create    CMakeFiles/cmTryCompileExec2586547278.dir/CheckFunctionExists.c.o  -o cmTryCompileExec2586547278 -rdynamic -lpthreads 
/usr/bin/ld: cannot find -lpthreads
collect2: error: ld returned 1 exit status
make[1]: Leaving directory `/home/jean/ros_ws/build/CMakeFiles/CMakeTmp'
make[1]: *** [cmTryCompileExec2586547278] Error 1
make: *** [cmTryCompileExec2586547278/fast] Error 2


Determining if the Q_WS_WIN exist failed with the following output:
Change Dir: /home/jean/ros_ws/build/CMakeFiles/CMakeTmp

Run Build Command:/usr/bin/make "cmTryCompileExec3932429713/fast"
/usr/bin/make -f CMakeFiles/cmTryCompileExec3932429713.dir/build.make CMakeFiles/cmTryCompileExec3932429713.dir/build
make[1]: Entering directory `/home/jean/ros_ws/build/CMakeFiles/CMakeTmp'
/usr/bin/cmake -E cmake_progress_report /home/jean/ros_ws/build/CMakeFiles/CMakeTmp/CMakeFiles 1
Building CXX object CMakeFiles/cmTryCompileExec3932429713.dir/CheckSymbolExists.cxx.o
/usr/bin/c++    -I/usr/include/qt4    -o CMakeFiles/cmTryCompileExec3932429713.dir/CheckSymbolExists.cxx.o -c /home/jean/ros_ws/build/CMakeFiles/CMakeTmp/CheckSymbolExists.cxx
/home/jean/ros_ws/build/CMakeFiles/CMakeTmp/CheckSymbolExists.cxx: In function ‘int main(int, char**)’:
/home/jean/ros_ws/build/CMakeFiles/CMakeTmp/CheckSymbolExists.cxx:8:19: error: ‘Q_WS_WIN’ was not declared in this scope
   return ((int*)(&Q_WS_WIN))[argc];
                   ^
make[1]: Leaving directory `/home/jean/ros_ws/build/CMakeFiles/CMakeTmp'
make[1]: *** [CMakeFiles/cmTryCompileExec3932429713.dir/CheckSymbolExists.cxx.o] Error 1
make: *** [cmTryCompileExec3932429713/fast] Error 2

File /home/jean/ros_ws/build/CMakeFiles/CMakeTmp/CheckSymbolExists.cxx:
/* */
#include <QtCore/qglobal.h>

int main(int argc, char** argv)
{
  (void)argv;
#ifndef Q_WS_WIN
  return ((int*)(&Q_WS_WIN))[argc];
#else
  (void)argc;
  return 0;
#endif
}

Determining if the Q_WS_QWS exist failed with the following output:
Change Dir: /home/jean/ros_ws/build/CMakeFiles/CMakeTmp

Run Build Command:/usr/bin/make "cmTryCompileExec877987510/fast"
/usr/bin/make -f CMakeFiles/cmTryCompileExec877987510.dir/build.make CMakeFiles/cmTryCompileExec877987510.dir/build
make[1]: Entering directory `/home/jean/ros_ws/build/CMakeFiles/CMakeTmp'
/usr/bin/cmake -E cmake_progress_report /home/jean/ros_ws/build/CMakeFiles/CMakeTmp/CMakeFiles 1
Building CXX object CMakeFiles/cmTryCompileExec877987510.dir/CheckSymbolExists.cxx.o
/usr/bin/c++    -I/usr/include/qt4    -o CMakeFiles/cmTryCompileExec877987510.dir/CheckSymbolExists.cxx.o -c /home/jean/ros_ws/build/CMakeFiles/CMakeTmp/CheckSymbolExists.cxx
/home/jean/ros_ws/build/CMakeFiles/CMakeTmp/CheckSymbolExists.cxx: In function ‘int main(int, char**)’:
/home/jean/ros_ws/build/CMakeFiles/CMakeTmp/CheckSymbolExists.cxx:8:19: error: ‘Q_WS_QWS’ was not declared in this scope
   return ((int*)(&Q_WS_QWS))[argc];
                   ^
make[1]: Leaving directory `/home/jean/ros_ws/build/CMakeFiles/CMakeTmp'
make[1]: *** [CMakeFiles/cmTryCompileExec877987510.dir/CheckSymbolExists.cxx.o] Error 1
make: *** [cmTryCompileExec877987510/fast] Error 2

File /home/jean/ros_ws/build/CMakeFiles/CMakeTmp/CheckSymbolExists.cxx:
/* */
#include <QtCore/qglobal.h>

int main(int argc, char** argv)
{
  (void)argv;
#ifndef Q_WS_QWS
  return ((int*)(&Q_WS_QWS))[argc];
#else
  (void)argc;
  return 0;
#endif
}

Determining if the Q_WS_MAC exist failed with the following output:
Change Dir: /home/jean/ros_ws/build/CMakeFiles/CMakeTmp

Run Build Command:/usr/bin/make "cmTryCompileExec3421725370/fast"
/usr/bin/make -f CMakeFiles/cmTryCompileExec3421725370.dir/build.make CMakeFiles/cmTryCompileExec3421725370.dir/build
make[1]: Entering directory `/home/jean/ros_ws/build/CMakeFiles/CMakeTmp'
/usr/bin/cmake -E cmake_progress_report /home/jean/ros_ws/build/CMakeFiles/CMakeTmp/CMakeFiles 1
Building CXX object CMakeFiles/cmTryCompileExec3421725370.dir/CheckSymbolExists.cxx.o
/usr/bin/c++    -I/usr/include/qt4    -o CMakeFiles/cmTryCompileExec3421725370.dir/CheckSymbolExists.cxx.o -c /home/jean/ros_ws/build/CMakeFiles/CMakeTmp/CheckSymbolExists.cxx
/home/jean/ros_ws/build/CMakeFiles/CMakeTmp/CheckSymbolExists.cxx: In function ‘int main(int, char**)’:
/home/jean/ros_ws/build/CMakeFiles/CMakeTmp/CheckSymbolExists.cxx:8:19: error: ‘Q_WS_MAC’ was not declared in this scope
   return ((int*)(&Q_WS_MAC))[argc];
                   ^
make[1]: Leaving directory `/home/jean/ros_ws/build/CMakeFiles/CMakeTmp'
make[1]: *** [CMakeFiles/cmTryCompileExec3421725370.dir/CheckSymbolExists.cxx.o] Error 1
make: *** [cmTryCompileExec3421725370/fast] Error 2

File /home/jean/ros_ws/build/CMakeFiles/CMakeTmp/CheckSymbolExists.cxx:
/* */
#include <QtCore/qglobal.h>

int main(int argc, char** argv)
{
  (void)argv;
#ifndef Q_WS_MAC
  return ((int*)(&Q_WS_MAC))[argc];
#else
  (void)argc;
  return 0;
#endif
}

